[/bin/bash] #### Starting Python test
[/bin/bash] ## This is s3805352 on node002 and this job has the ID 2141283
[/bin/bash] ## current working directory: /home/s3805352/Desktop/AMUSE_project_YESSIR/AMUSE_project_YESSIR/src
[/bin/bash] ## Run script
7975.78734729 119636.810209
path created
ready for evolution
Time 0.2 Myr
Time 0.4 Myr
Time 0.6 Myr
Time 0.8 Myr
Time 1.0 Myr
Average mass of a SPH particle 0.06490870827977735.
Mean density of the moelcular cloud 4.98503498804e-20 m**-3 * kg
Starting with cluster velocity 20
cluster generated
Most massive star in cluster is  1.11153195526 MSun
Collision started on node002 at time 2023-12-11_15-23-18
Colliding with cluster velocity 20.0062602731
Largest sink radius 0.239090956258 parsec
Pre accretion cluster mass 344.099628824 MSun
Sinks in progress at 0.1  Myr.
Post accretion cluster mass 344.099628824 MSun
Largest sink radius 0.239090956258 parsec
Pre accretion cluster mass 344.099628824 MSun
Sinks in progress at 0.2  Myr.
Post accretion cluster mass 344.099628824 MSun
Largest sink radius 0.239090956258 parsec
Pre accretion cluster mass 344.099628824 MSun
Sinks in progress at 0.3  Myr.
Post accretion cluster mass 344.099628824 MSun
Largest sink radius 0.239090956258 parsec
Pre accretion cluster mass 344.099628824 MSun
Sinks in progress at 0.4  Myr.
Post accretion cluster mass 344.099628824 MSun
Largest sink radius 0.239090956258 parsec
Pre accretion cluster mass 344.099628824 MSun
Sinks in progress at 0.5  Myr.
Post accretion cluster mass 344.099628824 MSun
Largest sink radius 0.239090956258 parsec
Pre accretion cluster mass 344.099628824 MSun
Sinks in progress at 0.6  Myr.
Post accretion cluster mass 344.099628824 MSun
Largest sink radius 0.239090956258 parsec
Pre accretion cluster mass 344.099628824 MSun
Sinks in progress at 0.7  Myr.
Post accretion cluster mass 344.099628824 MSun
Largest sink radius 0.239090956258 parsec
Pre accretion cluster mass 344.099628824 MSun
Sinks in progress at 0.8  Myr.
Post accretion cluster mass 344.099628824 MSun
Largest sink radius 0.239090956258 parsec
Pre accretion cluster mass 344.099628824 MSun
Sinks in progress at 0.9  Myr.
Post accretion cluster mass 344.105727156 MSun
Largest sink radius 0.239090956258 parsec
Pre accretion cluster mass 344.105727156 MSun
Sinks in progress at 1.0  Myr.
Post accretion cluster mass 344.105727156 MSun
Largest sink radius 0.239090956258 parsec
Pre accretion cluster mass 344.105727156 MSun
Sinks in progress at 1.1  Myr.
Post accretion cluster mass 344.106813514 MSun
Largest sink radius 0.239090956258 parsec
Pre accretion cluster mass 344.106813514 MSun
Sinks in progress at 1.2  Myr.
Post accretion cluster mass 344.108894988 MSun
Largest sink radius 0.239090956258 parsec
Pre accretion cluster mass 344.108894988 MSun
Sinks in progress at 1.3  Myr.
Post accretion cluster mass 344.112612695 MSun
Largest sink radius 0.239090956258 parsec
Pre accretion cluster mass 344.112612695 MSun
Sinks in progress at 1.4  Myr.
Post accretion cluster mass 344.127654917 MSun
Largest sink radius 0.239090956258 parsec
Pre accretion cluster mass 344.127654917 MSun
Sinks in progress at 1.5  Myr.
Post accretion cluster mass 344.165330709 MSun
Largest sink radius 0.239090956258 parsec
Pre accretion cluster mass 344.165330709 MSun
Sinks in progress at 1.6  Myr.
Post accretion cluster mass 344.281305159 MSun
Largest sink radius 0.239090956258 parsec
Pre accretion cluster mass 344.281305159 MSun
Sinks in progress at 1.7  Myr.
Post accretion cluster mass 344.503381829 MSun
Largest sink radius 0.239090956258 parsec
Pre accretion cluster mass 344.503381829 MSun
Sinks in progress at 1.8  Myr.
Post accretion cluster mass 344.622863267 MSun
Largest sink radius 0.239141931932 parsec
Pre accretion cluster mass 344.622863267 MSun
Sinks in progress at 1.9  Myr.
Post accretion cluster mass 344.765836054 MSun
Largest sink radius 0.239227632279 parsec
Pre accretion cluster mass 344.765836054 MSun
Sinks in progress at 2.0  Myr.
Post accretion cluster mass 344.872169882 MSun
Largest sink radius 0.239227632279 parsec
Pre accretion cluster mass 344.872169882 MSun
Sinks in progress at 2.1  Myr.
Post accretion cluster mass 344.969867956 MSun
Largest sink radius 0.240798645673 parsec
Pre accretion cluster mass 344.969867956 MSun
Sinks in progress at 2.2  Myr.
Post accretion cluster mass 345.080573204 MSun
Largest sink radius 0.240798645673 parsec
Pre accretion cluster mass 345.080573204 MSun
Sinks in progress at 2.3  Myr.
Post accretion cluster mass 345.261046603 MSun
Largest sink radius 0.240857533279 parsec
Pre accretion cluster mass 345.261046603 MSun
Sinks in progress at 2.4  Myr.
Post accretion cluster mass 345.516175768 MSun
Largest sink radius 0.241010255417 parsec
Pre accretion cluster mass 345.516175768 MSun
Sinks in progress at 2.5  Myr.
Post accretion cluster mass 345.63351477 MSun
Largest sink radius 0.24418312563 parsec
Pre accretion cluster mass 345.63351477 MSun
Sinks in progress at 2.6  Myr.
Post accretion cluster mass 345.863488675 MSun
Mass snapshots saved.
Collision finished (running time: 1014.4s)


In this session you have used the AMUSE modules below. 
Please cite any relevant articles:


	"AMUSE-BHTree (2023.5.1)"
		ADS:1986Natur.324..446B (Barnes, J., Hut, P., *Nature*, **4**, 324 (1986))


	"AMUSE-Fi (2023.5.1)"
		ADS:1989ApJS...70..419H ** (Hernquist & Katz, 1989, ApJS 70, 419)
		ADS:2004A&A...422...55P ** (Pelupessy, van der Werf & Icke, 2004, A&A 422, 55)
		ADS:2005PhDT........17P (Pelupessy, PhD thesis 2005, Leiden Observatory)
		ADS:1997A&A...325..972G (Gerritsen & Icke, 1997, A&A 325, 972)


	"AMUSE-SeBa (2023.5.1)"
		ADS:1996A&A...309..179P (Portegies Zwart S.F. & Verbunt F., 1996, A&A, 309, 179:
		... "Population synthesis of high-mass binaries")
		ADS:2012A&A...546A..70T (Toonen, S., Nelemans, G., Portegies Zwart S.F., 2012, A&A, 546A, 70T
		... "Supernova Type Ia progenitors from merging double white dwarfs. Using a new population synthesis model")


	"AMUSE (2023.5.1)"
		DOI:10.5281/zenodo.1435860
		ADS:2018araa.book.....P (Portegies Zwart, S. & McMillan, S.L.W., 2018)
		ADS:2013CoPhC.183..456P ** (Portegies Zwart, S. et al., 2013)
		ADS:2013A&A...557A..84P ** (Pelupessy, F. I. et al., 2013)
		ADS:2009NewA...14..369P (Portegies Zwart, S. et al., 2009)

[/bin/bash] ## Script finished
[/bin/bash] #### Finished Python test. Have a nice day
