[/bin/bash] #### Starting Python test
[/bin/bash] ## This is s3805352 on node011 and this job has the ID 2146688
[/bin/bash] ## current working directory: /home/s3805352/Desktop/AMUSE_project_YESSIR/AMUSE_project_YESSIR/src
[/bin/bash] ## Run script
7975.78734729 79757.8734729
ready for evolution
Time 0.2 Myr
Time 0.4 Myr
Time 0.6 Myr
Time 0.8 Myr
Time 1.0 Myr
Time 1.2 Myr
Time 1.4 Myr
Time 1.6 Myr
Time 1.8 Myr
Time 2.0 Myr
Average mass of a SPH particle 0.10281918948181927.
Mean density of the moelcular cloud 6.04945323804e-20 m**-3 * kg
Starting with cluster velocity 20
cluster generated
Most massive star in cluster is  1.07993471348 MSun
Collision started on node011 at time 2023-12-12_10-40-06
Colliding with cluster velocity 19.9779247339
Largest sink radius 0.23229437725 parsec
Pre accretion cluster mass 72.4583907435 MSun
Sinks in progress at 0.1  Myr.
Post accretion cluster mass 72.4583907435 MSun
Largest sink radius 0.23229437725 parsec
Pre accretion cluster mass 72.4583907435 MSun
Sinks in progress at 0.2  Myr.
Post accretion cluster mass 72.4583907435 MSun
Largest sink radius 0.23229437725 parsec
Pre accretion cluster mass 72.4583907435 MSun
Sinks in progress at 0.3  Myr.
Post accretion cluster mass 72.4583907435 MSun
Largest sink radius 0.23229437725 parsec
Pre accretion cluster mass 72.4583907435 MSun
Sinks in progress at 0.4  Myr.
Post accretion cluster mass 72.4583907435 MSun
Largest sink radius 0.23229437725 parsec
Pre accretion cluster mass 72.4583907435 MSun
Sinks in progress at 0.5  Myr.
Post accretion cluster mass 72.4583907435 MSun
Largest sink radius 0.23229437725 parsec
Pre accretion cluster mass 72.4583907435 MSun
Sinks in progress at 0.6  Myr.
Post accretion cluster mass 72.4583907435 MSun
Largest sink radius 0.23229437725 parsec
Pre accretion cluster mass 72.4583907435 MSun
Sinks in progress at 0.7  Myr.
Post accretion cluster mass 72.4583907435 MSun
Largest sink radius 0.23229437725 parsec
Pre accretion cluster mass 72.4583907435 MSun
Sinks in progress at 0.8  Myr.
Post accretion cluster mass 72.4583907435 MSun
Largest sink radius 0.23229437725 parsec
Pre accretion cluster mass 72.4583907435 MSun
Sinks in progress at 0.9  Myr.
Post accretion cluster mass 72.4583907435 MSun
Largest sink radius 0.23229437725 parsec
Pre accretion cluster mass 72.4583907435 MSun
Sinks in progress at 1.0  Myr.
Post accretion cluster mass 72.4583907435 MSun
Largest sink radius 0.23229437725 parsec
Pre accretion cluster mass 72.4583907435 MSun
Sinks in progress at 1.1  Myr.
Post accretion cluster mass 72.4583907435 MSun
Largest sink radius 0.23229437725 parsec
Pre accretion cluster mass 72.4583907435 MSun
Sinks in progress at 1.2  Myr.
Post accretion cluster mass 72.4583907435 MSun
Largest sink radius 0.23229437725 parsec
Pre accretion cluster mass 72.4583907435 MSun
Sinks in progress at 1.3  Myr.
Post accretion cluster mass 72.4583907435 MSun
Largest sink radius 0.23229437725 parsec
Pre accretion cluster mass 72.4583907435 MSun
Sinks in progress at 1.4  Myr.
Post accretion cluster mass 72.4583907435 MSun
Largest sink radius 0.23229437725 parsec
Pre accretion cluster mass 72.4583907435 MSun
Sinks in progress at 1.5  Myr.
Post accretion cluster mass 72.4583907435 MSun
Largest sink radius 0.23229437725 parsec
Pre accretion cluster mass 72.4583907435 MSun
Sinks in progress at 1.6  Myr.
Post accretion cluster mass 72.4583907435 MSun
Largest sink radius 0.23229437725 parsec
Pre accretion cluster mass 72.4583907435 MSun
Sinks in progress at 1.7  Myr.
Post accretion cluster mass 72.4583907435 MSun
Largest sink radius 0.23229437725 parsec
Pre accretion cluster mass 72.4583907435 MSun
Sinks in progress at 1.8  Myr.
Post accretion cluster mass 72.4583907435 MSun
Largest sink radius 0.23229437725 parsec
Pre accretion cluster mass 72.4583907435 MSun
Sinks in progress at 1.9  Myr.
Post accretion cluster mass 72.4603529888 MSun
Largest sink radius 0.23229437725 parsec
Pre accretion cluster mass 72.4603529888 MSun
Sinks in progress at 2.0  Myr.
Post accretion cluster mass 72.4673219407 MSun
Largest sink radius 0.23229437725 parsec
Pre accretion cluster mass 72.4673219407 MSun
Sinks in progress at 2.1  Myr.
Post accretion cluster mass 72.4673219407 MSun
Largest sink radius 0.23229437725 parsec
Pre accretion cluster mass 72.4673219407 MSun
Sinks in progress at 2.2  Myr.
Post accretion cluster mass 72.4785090945 MSun
Largest sink radius 0.23229437725 parsec
Pre accretion cluster mass 72.4785090945 MSun
Sinks in progress at 2.3  Myr.
Post accretion cluster mass 72.4794450613 MSun
Largest sink radius 0.23229437725 parsec
Pre accretion cluster mass 72.4794450613 MSun
Sinks in progress at 2.4  Myr.
Post accretion cluster mass 72.4811027803 MSun
Largest sink radius 0.23229437725 parsec
Pre accretion cluster mass 72.4811027803 MSun
Sinks in progress at 2.5  Myr.
Post accretion cluster mass 72.4997347097 MSun
Largest sink radius 0.23229437725 parsec
Pre accretion cluster mass 72.4997347097 MSun
Sinks in progress at 2.6  Myr.
Post accretion cluster mass 72.5096935697 MSun
Largest sink radius 0.23229437725 parsec
Pre accretion cluster mass 72.5096935697 MSun
Sinks in progress at 2.7  Myr.
Post accretion cluster mass 72.533465946 MSun
Largest sink radius 0.23229437725 parsec
Pre accretion cluster mass 72.533465946 MSun
Sinks in progress at 2.8  Myr.
Post accretion cluster mass 72.5522339462 MSun
Mass snapshots saved.
Collision finished (running time: 544.2s)


In this session you have used the AMUSE modules below. 
Please cite any relevant articles:


	"AMUSE-Fi (2023.5.1)"
		ADS:1989ApJS...70..419H ** (Hernquist & Katz, 1989, ApJS 70, 419)
		ADS:2004A&A...422...55P ** (Pelupessy, van der Werf & Icke, 2004, A&A 422, 55)
		ADS:2005PhDT........17P (Pelupessy, PhD thesis 2005, Leiden Observatory)
		ADS:1997A&A...325..972G (Gerritsen & Icke, 1997, A&A 325, 972)


	"AMUSE-SeBa (2023.5.1)"
		ADS:1996A&A...309..179P (Portegies Zwart S.F. & Verbunt F., 1996, A&A, 309, 179:
		... "Population synthesis of high-mass binaries")
		ADS:2012A&A...546A..70T (Toonen, S., Nelemans, G., Portegies Zwart S.F., 2012, A&A, 546A, 70T
		... "Supernova Type Ia progenitors from merging double white dwarfs. Using a new population synthesis model")


	"AMUSE-BHTree (2023.5.1)"
		ADS:1986Natur.324..446B (Barnes, J., Hut, P., *Nature*, **4**, 324 (1986))


	"AMUSE (2023.5.1)"
		DOI:10.5281/zenodo.1435860
		ADS:2018araa.book.....P (Portegies Zwart, S. & McMillan, S.L.W., 2018)
		ADS:2013CoPhC.183..456P ** (Portegies Zwart, S. et al., 2013)
		ADS:2013A&A...557A..84P ** (Pelupessy, F. I. et al., 2013)
		ADS:2009NewA...14..369P (Portegies Zwart, S. et al., 2009)

[/bin/bash] ## Script finished
[/bin/bash] #### Finished Python test. Have a nice day
